# JRE version: Java(TM) SE Runtime Environment (8.0_151-b12) (build 1.8.0_151-b12)
# Java VM: Java HotSpot(TM) 64-Bit Server VM (25.151-b12 mixed mode windows-amd64 compressed oops)
Heap:
 PSYoungGen      total 286208K, used 104485K [0x000000076b300000, 0x000000077e300000, 0x00000007c0000000)
  eden space 269312K, 32% used [0x000000076b300000,0x000000077088e690,0x000000077ba00000)
  from space 16896K, 99% used [0x000000077d280000,0x000000077e2fb058,0x000000077e300000)
  to   space 19968K, 0% used [0x000000077bc00000,0x000000077bc00000,0x000000077cf80000)
 ParOldGen       total 135168K, used 18964K [0x00000006c1800000, 0x00000006c9c00000, 0x000000076b300000)
  object space 135168K, 14% used [0x00000006c1800000,0x00000006c2a851b0,0x00000006c9c00000)
 Metaspace       used 54916K, capacity 57158K, committed 57304K, reserved 1099776K
  class space    used 7160K, capacity 7568K, committed 7680K, reserved 1048576K
GC Heap History (10 events):
Event: 5.331 GC heap before
{Heap before GC invocations=6 (full 1):
 PSYoungGen      total 107008K, used 106649K [0x000000076b300000, 0x0000000774180000, 0x00000007c0000000)
  eden space 102912K, 100% used [0x000000076b300000,0x0000000771780000,0x0000000771780000)
  from space 4096K, 91% used [0x0000000773d80000,0x0000000774126720,0x0000000774180000)
  to   space 10752K, 0% used [0x0000000772c80000,0x0000000772c80000,0x0000000773700000)
 ParOldGen       total 104448K, used 9139K [0x00000006c1800000, 0x00000006c7e00000, 0x000000076b300000)
  object space 104448K, 8% used [0x00000006c1800000,0x00000006c20ecd50,0x00000006c7e00000)
 Metaspace       used 27900K, capacity 28898K, committed 29184K, reserved 1075200K
  class space    used 3589K, capacity 3836K, committed 3840K, reserved 1048576K
Event: 5.351 GC heap after
Heap after GC invocations=6 (full 1):
 PSYoungGen      total 135168K, used 8787K [0x000000076b300000, 0x0000000776500000, 0x00000007c0000000)
  eden space 124416K, 0% used [0x000000076b300000,0x000000076b300000,0x0000000772c80000)
  from space 10752K, 81% used [0x0000000772c80000,0x0000000773514fb8,0x0000000773700000)
  to   space 12288K, 0% used [0x0000000775900000,0x0000000775900000,0x0000000776500000)
 ParOldGen       total 104448K, used 9147K [0x00000006c1800000, 0x00000006c7e00000, 0x000000076b300000)
  object space 104448K, 8% used [0x00000006c1800000,0x00000006c20eed50,0x00000006c7e00000)
 Metaspace       used 27900K, capacity 28898K, committed 29184K, reserved 1075200K
  class space    used 3589K, capacity 3836K, committed 3840K, reserved 1048576K
}
Event: 6.763 GC heap before
{Heap before GC invocations=7 (full 1):
 PSYoungGen      total 135168K, used 133177K [0x000000076b300000, 0x0000000776500000, 0x00000007c0000000)
  eden space 124416K, 99% used [0x000000076b300000,0x0000000772c79550,0x0000000772c80000)
  from space 10752K, 81% used [0x0000000772c80000,0x0000000773514fb8,0x0000000773700000)
  to   space 12288K, 0% used [0x0000000775900000,0x0000000775900000,0x0000000776500000)
 ParOldGen       total 104448K, used 9147K [0x00000006c1800000, 0x00000006c7e00000, 0x000000076b300000)
  object space 104448K, 8% used [0x00000006c1800000,0x00000006c20eed50,0x00000006c7e00000)
 Metaspace       used 33814K, capacity 35338K, committed 35416K, reserved 1079296K
  class space    used 4358K, capacity 4658K, committed 4736K, reserved 1048576K
Event: 6.783 GC heap after
Heap after GC invocations=7 (full 1):
 PSYoungGen      total 165888K, used 12272K [0x000000076b300000, 0x0000000778a80000, 0x00000007c0000000)
  eden space 153600K, 0% used [0x000000076b300000,0x000000076b300000,0x0000000774900000)
  from space 12288K, 99% used [0x0000000775900000,0x00000007764fc270,0x0000000776500000)
  to   space 16384K, 0% used [0x0000000774900000,0x0000000774900000,0x0000000775900000)
 ParOldGen       total 104448K, used 12607K [0x00000006c1800000, 0x00000006c7e00000, 0x000000076b300000)
  object space 104448K, 12% used [0x00000006c1800000,0x00000006c244ff18,0x00000006c7e00000)
 Metaspace       used 33814K, capacity 35338K, committed 35416K, reserved 1079296K
  class space    used 4358K, capacity 4658K, committed 4736K, reserved 1048576K
}
Event: 6.843 GC heap before
{Heap before GC invocations=8 (full 1):
 PSYoungGen      total 165888K, used 36033K [0x000000076b300000, 0x0000000778a80000, 0x00000007c0000000)
  eden space 153600K, 15% used [0x000000076b300000,0x000000076ca34508,0x0000000774900000)
  from space 12288K, 99% used [0x0000000775900000,0x00000007764fc270,0x0000000776500000)
  to   space 16384K, 0% used [0x0000000774900000,0x0000000774900000,0x0000000775900000)
 ParOldGen       total 104448K, used 12607K [0x00000006c1800000, 0x00000006c7e00000, 0x000000076b300000)
  object space 104448K, 12% used [0x00000006c1800000,0x00000006c244ff18,0x00000006c7e00000)
 Metaspace       used 33892K, capacity 35338K, committed 35416K, reserved 1079296K
  class space    used 4362K, capacity 4658K, committed 4736K, reserved 1048576K
Event: 6.864 GC heap after
Heap after GC invocations=8 (full 1):
 PSYoungGen      total 169984K, used 12251K [0x000000076b300000, 0x000000077e300000, 0x00000007c0000000)
  eden space 153600K, 0% used [0x000000076b300000,0x000000076b300000,0x0000000774900000)
  from space 16384K, 74% used [0x0000000774900000,0x00000007754f6e80,0x0000000775900000)
  to   space 16896K, 0% used [0x000000077d280000,0x000000077d280000,0x000000077e300000)
 ParOldGen       total 104448K, used 12615K [0x00000006c1800000, 0x00000006c7e00000, 0x000000076b300000)
  object space 104448K, 12% used [0x00000006c1800000,0x00000006c2451f18,0x00000006c7e00000)
 Metaspace       used 33892K, capacity 35338K, committed 35416K, reserved 1079296K
  class space    used 4362K, capacity 4658K, committed 4736K, reserved 1048576K
}
Event: 6.864 GC heap before
{Heap before GC invocations=9 (full 2):
 PSYoungGen      total 169984K, used 12251K [0x000000076b300000, 0x000000077e300000, 0x00000007c0000000)
  eden space 153600K, 0% used [0x000000076b300000,0x000000076b300000,0x0000000774900000)
  from space 16384K, 74% used [0x0000000774900000,0x00000007754f6e80,0x0000000775900000)
  to   space 16896K, 0% used [0x000000077d280000,0x000000077d280000,0x000000077e300000)
 ParOldGen       total 104448K, used 12615K [0x00000006c1800000, 0x00000006c7e00000, 0x000000076b300000)
  object space 104448K, 12% used [0x00000006c1800000,0x00000006c2451f18,0x00000006c7e00000)
 Metaspace       used 33892K, capacity 35338K, committed 35416K, reserved 1079296K
  class space    used 4362K, capacity 4658K, committed 4736K, reserved 1048576K
Event: 6.952 GC heap after
Heap after GC invocations=9 (full 2):
 PSYoungGen      total 169984K, used 0K [0x000000076b300000, 0x000000077e300000, 0x00000007c0000000)
  eden space 153600K, 0% used [0x000000076b300000,0x000000076b300000,0x0000000774900000)
  from space 16384K, 0% used [0x0000000774900000,0x0000000774900000,0x0000000775900000)
  to   space 16896K, 0% used [0x000000077d280000,0x000000077d280000,0x000000077e300000)
 ParOldGen       total 135168K, used 17682K [0x00000006c1800000, 0x00000006c9c00000, 0x000000076b300000)
  object space 135168K, 13% used [0x00000006c1800000,0x00000006c2944b60,0x00000006c9c00000)
 Metaspace       used 33892K, capacity 35338K, committed 35416K, reserved 1079296K
  class space    used 4362K, capacity 4658K, committed 4736K, reserved 1048576K
}
Event: 9.878 GC heap before
{Heap before GC invocations=10 (full 2):
 PSYoungGen      total 169984K, used 153356K [0x000000076b300000, 0x000000077e300000, 0x00000007c0000000)
  eden space 153600K, 99% used [0x000000076b300000,0x00000007748c32e8,0x0000000774900000)
  from space 16384K, 0% used [0x0000000774900000,0x0000000774900000,0x0000000775900000)
  to   space 16896K, 0% used [0x000000077d280000,0x000000077d280000,0x000000077e300000)
 ParOldGen       total 135168K, used 17682K [0x00000006c1800000, 0x00000006c9c00000, 0x000000076b300000)
  object space 135168K, 13% used [0x00000006c1800000,0x00000006c2944b60,0x00000006c9c00000)
 Metaspace       used 49415K, capacity 51116K, committed 51672K, reserved 1093632K
  class space    used 6484K, capacity 6805K, committed 6912K, reserved 1048576K
Event: 9.909 GC heap after
Heap after GC invocations=10 (full 2):
 PSYoungGen      total 286208K, used 16876K [0x000000076b300000, 0x000000077e300000, 0x00000007c0000000)
  eden space 269312K, 0% used [0x000000076b300000,0x000000076b300000,0x000000077ba00000)
  from space 16896K, 99% used [0x000000077d280000,0x000000077e2fb058,0x000000077e300000)
  to   space 19968K, 0% used [0x000000077bc00000,0x000000077bc00000,0x000000077cf80000)
 ParOldGen       total 135168K, used 18964K [0x00000006c1800000, 0x00000006c9c00000, 0x000000076b300000)
  object space 135168K, 14% used [0x00000006c1800000,0x00000006c2a851b0,0x00000006c9c00000)
 Metaspace       used 49415K, capacity 51116K, committed 51672K, reserved 1093632K
  class space    used 6484K, capacity 6805K, committed 6912K, reserved 1048576K
}

